<?xml version="1.0" encoding="UTF-8"?>
<testsuite name="hello.core.xml.XmlAppContext" tests="1" skipped="0" failures="0" errors="0" timestamp="2024-02-27T04:06:17" hostname="DESKTOP-LL832F4" time="0.017">
  <properties/>
  <testcase name="xmlAppContext()" classname="hello.core.xml.XmlAppContext" time="0.017"/>
  <system-out><![CDATA[]]></system-out>
  <system-err><![CDATA[]]></system-err>
</testsuite>
