<?xml version="1.0" encoding="UTF-8"?>
<testsuite name="hello.core.CoreApplicationTests" tests="1" skipped="0" failures="0" errors="0" timestamp="2024-02-27T04:06:16" hostname="DESKTOP-LL832F4" time="0.519">
  <properties/>
  <testcase name="contextLoads()" classname="hello.core.CoreApplicationTests" time="0.519"/>
  <system-out><![CDATA[13:06:15.817 [Test worker] INFO org.springframework.test.context.support.AnnotationConfigContextLoaderUtils -- Could not detect default configuration classes for test class [hello.core.CoreApplicationTests]: CoreApplicationTests does not declare any static, non-private, non-final, nested classes annotated with @Configuration.
13:06:15.890 [Test worker] INFO org.springframework.boot.test.context.SpringBootTestContextBootstrapper -- Found @SpringBootConfiguration hello.core.CoreApplication for test class hello.core.CoreApplicationTests

  .   ____          _            __ _ _
 /\\ / ___'_ __ _ _(_)_ __  __ _ \ \ \ \
( ( )\___ | '_ | '_| | '_ \/ _` | \ \ \ \
 \\/  ___)| |_)| | | | | || (_| |  ) ) ) )
  '  |____| .__|_| |_|_| |_\__, | / / / /
 =========|_|==============|___/=/_/_/_/
 :: Spring Boot ::                (v3.2.2)

2024-02-27T13:06:16.126+09:00  INFO 1708 --- [    Test worker] hello.core.CoreApplicationTests          : Starting CoreApplicationTests using Java 17.0.9 with PID 1708 (started by SSAFY in C:\Users\SSAFY\Desktop\Spring\inflearn\Spring\core)
2024-02-27T13:06:16.127+09:00  INFO 1708 --- [    Test worker] hello.core.CoreApplicationTests          : No active profile set, falling back to 1 default profile: "default"
2024-02-27T13:06:16.474+09:00  INFO 1708 --- [    Test worker] hello.core.CoreApplicationTests          : Started CoreApplicationTests in 0.476 seconds (process running for 1.233)
]]></system-out>
  <system-err><![CDATA[]]></system-err>
</testsuite>
